This is pdfTeX, Version 3.14159265-2.6-1.40.16 (TeX Live 2015) (preloaded format=latex)
 restricted \write18 enabled.
entering extended mode
(./3f3574a71047dac04c6454c03a2272e8.tex
LaTeX2e <2015/01/01>
Babel <3.9l> and hyphenation patterns for 79 languages loaded.
(/usr/local/texlive/2015/texmf-dist/tex/latex/base/article.cls
Document Class: article 2014/09/29 v1.4h Standard LaTeX document class
(/usr/local/texlive/2015/texmf-dist/tex/latex/base/size10.clo))
(/usr/local/texlive/2015/texmf-dist/tex/latex/type1cm/type1cm.sty)
(/usr/local/texlive/2015/texmf-dist/tex/latex/psnfss/helvet.sty
(/usr/local/texlive/2015/texmf-dist/tex/latex/graphics/keyval.sty))
(/usr/local/texlive/2015/texmf-dist/tex/latex/psnfss/courier.sty)
(/usr/local/texlive/2015/texmf-dist/tex/latex/base/textcomp.sty
(/usr/local/texlive/2015/texmf-dist/tex/latex/base/ts1enc.def))
(/usr/local/texlive/2015/texmf-dist/tex/latex/ucs/ucs.sty
(/usr/local/texlive/2015/texmf-dist/tex/latex/ucs/data/uni-global.def))
(/usr/local/texlive/2015/texmf-dist/tex/latex/base/inputenc.sty
(/usr/local/texlive/2015/texmf-dist/tex/latex/ucs/utf8x.def))
(/usr/local/texlive/2015/texmf-dist/tex/latex/geometry/geometry.sty
(/usr/local/texlive/2015/texmf-dist/tex/generic/oberdiek/ifpdf.sty)
(/usr/local/texlive/2015/texmf-dist/tex/generic/oberdiek/ifvtex.sty)
(/usr/local/texlive/2015/texmf-dist/tex/generic/ifxetex/ifxetex.sty)

Package geometry Warning: Over-specification in `h'-direction.
    `width' (5058.9pt) is ignored.


Package geometry Warning: Over-specification in `v'-direction.
    `height' (5058.9pt) is ignored.

)
No file 3f3574a71047dac04c6454c03a2272e8.aux.
(/usr/local/texlive/2015/texmf-dist/tex/latex/base/ts1cmr.fd)
(/usr/local/texlive/2015/texmf-dist/tex/latex/psnfss/ot1pnc.fd)
(/usr/local/texlive/2015/texmf-dist/tex/latex/ucs/ucsencs.def)
*geometry* driver: auto-detecting
*geometry* detected driver: dvips
! Undefined control sequence.
l.13 ...750000}{\rmfamily blabla $\alpha + 12 \Sum
                                                  _i \LaTex$}
! Undefined control sequence.
l.13 ...rmfamily blabla $\alpha + 12 \Sum_i \LaTex
                                                  $}
[1] (./3f3574a71047dac04c6454c03a2272e8.aux) )
(see the transcript file for additional information)
Output written on 3f3574a71047dac04c6454c03a2272e8.dvi (1 page, 400 bytes).
Transcript written on 3f3574a71047dac04c6454c03a2272e8.log.
