This is pdfTeX, Version 3.14159265-2.6-1.40.16 (TeX Live 2015) (preloaded format=latex)
 restricted \write18 enabled.
entering extended mode
(./7bbd8962468300c2e0589f0ae0f2a139.tex
LaTeX2e <2015/01/01>
Babel <3.9l> and hyphenation patterns for 79 languages loaded.
(/usr/local/texlive/2015/texmf-dist/tex/latex/base/article.cls
Document Class: article 2014/09/29 v1.4h Standard LaTeX document class
(/usr/local/texlive/2015/texmf-dist/tex/latex/base/size10.clo))
(/usr/local/texlive/2015/texmf-dist/tex/latex/type1cm/type1cm.sty)
(/usr/local/texlive/2015/texmf-dist/tex/latex/psnfss/helvet.sty
(/usr/local/texlive/2015/texmf-dist/tex/latex/graphics/keyval.sty))
(/usr/local/texlive/2015/texmf-dist/tex/latex/psnfss/courier.sty)
(/usr/local/texlive/2015/texmf-dist/tex/latex/base/textcomp.sty
(/usr/local/texlive/2015/texmf-dist/tex/latex/base/ts1enc.def))
(/usr/local/texlive/2015/texmf-dist/tex/latex/ucs/ucs.sty
(/usr/local/texlive/2015/texmf-dist/tex/latex/ucs/data/uni-global.def))
(/usr/local/texlive/2015/texmf-dist/tex/latex/base/inputenc.sty
(/usr/local/texlive/2015/texmf-dist/tex/latex/ucs/utf8x.def))
(/usr/local/texlive/2015/texmf-dist/tex/latex/geometry/geometry.sty
(/usr/local/texlive/2015/texmf-dist/tex/generic/oberdiek/ifpdf.sty)
(/usr/local/texlive/2015/texmf-dist/tex/generic/oberdiek/ifvtex.sty)
(/usr/local/texlive/2015/texmf-dist/tex/generic/ifxetex/ifxetex.sty)

Package geometry Warning: Over-specification in `h'-direction.
    `width' (5058.9pt) is ignored.


Package geometry Warning: Over-specification in `v'-direction.
    `height' (5058.9pt) is ignored.

)
No file 7bbd8962468300c2e0589f0ae0f2a139.aux.
(/usr/local/texlive/2015/texmf-dist/tex/latex/base/ts1cmr.fd)
(/usr/local/texlive/2015/texmf-dist/tex/latex/psnfss/ot1pnc.fd)
(/usr/local/texlive/2015/texmf-dist/tex/latex/ucs/ucsencs.def)
*geometry* driver: auto-detecting
*geometry* detected driver: dvips
! Undefined control sequence.
<recently read> \text 
                      
l.13 ...ize{10.000000}{12.500000}{\rmfamily $\text
                                                  {Beam 1 2 3 4.0 intensity}...

[1] (./7bbd8962468300c2e0589f0ae0f2a139.aux) )
(see the transcript file for additional information)
Output written on 7bbd8962468300c2e0589f0ae0f2a139.dvi (1 page, 420 bytes).
Transcript written on 7bbd8962468300c2e0589f0ae0f2a139.log.
