This is pdfTeX, Version 3.14159265-2.6-1.40.16 (TeX Live 2015) (preloaded format=latex)
 restricted \write18 enabled.
entering extended mode
(./f4cefd3b6f3720d4c38e5604baec93fc.tex
LaTeX2e <2015/01/01>
Babel <3.9l> and hyphenation patterns for 79 languages loaded.
(/usr/local/texlive/2015/texmf-dist/tex/latex/base/article.cls
Document Class: article 2014/09/29 v1.4h Standard LaTeX document class
(/usr/local/texlive/2015/texmf-dist/tex/latex/base/size10.clo))
(/usr/local/texlive/2015/texmf-dist/tex/latex/type1cm/type1cm.sty)
(/usr/local/texlive/2015/texmf-dist/tex/latex/psnfss/helvet.sty
(/usr/local/texlive/2015/texmf-dist/tex/latex/graphics/keyval.sty))
(/usr/local/texlive/2015/texmf-dist/tex/latex/psnfss/courier.sty)
(/usr/local/texlive/2015/texmf-dist/tex/latex/base/textcomp.sty
(/usr/local/texlive/2015/texmf-dist/tex/latex/base/ts1enc.def))
(/usr/local/texlive/2015/texmf-dist/tex/latex/ucs/ucs.sty
(/usr/local/texlive/2015/texmf-dist/tex/latex/ucs/data/uni-global.def))
(/usr/local/texlive/2015/texmf-dist/tex/latex/base/inputenc.sty
(/usr/local/texlive/2015/texmf-dist/tex/latex/ucs/utf8x.def))

! LaTeX Error: File `lmodjjern.sty' not found.

Type X to quit or <RETURN> to proceed,
or enter new name. (Default extension: sty)

Enter file name: 
! Emergency stop.
<read *> 
         
l.10 \usepackage
                [papersize={72in,72in},body={70in,70in},margin={1in,1in}]{ge...

No pages of output.
Transcript written on f4cefd3b6f3720d4c38e5604baec93fc.log.
